Building DAG of jobs...
Using shell: /bin/bash
Provided cores: 24
Rules claiming more threads will be scaled down.
Job counts:
	count	jobs
	1	all
	1	extract_bcs
	2

[Thu Feb 20 23:23:46 2020]
rule extract_bcs:
    input: barcodes/bc1hits.txt, barcodes/bc3hits.txt
    output: barcodes/positions.txt
    jobid: 1

[Thu Feb 20 23:23:46 2020]
Finished job 1.
1 of 2 steps (50%) done

[Thu Feb 20 23:23:46 2020]
localrule all:
    input: barcodes/positions.txt
    jobid: 0

[Thu Feb 20 23:23:46 2020]
Finished job 0.
2 of 2 steps (100%) done
Complete log: /home/nick/hdd/Dropbox/Dropbox/grant_application/split_seq_kasumi_1/split_seq_snakemake/.snakemake/log/2020-02-20T232345.570439.snakemake.log
